{"/home/g2d2/projects/dt-money-mobile/src/App.tsx": {"path":"/home/g2d2/projects/dt-money-mobile/src/App.tsx","statementMap":{"0":{"start":{"line":5,"column":2},"end":{"line":10,"column":4}},"1":{"start":{"line":13,"column":15},"end":{"line":20,"column":2}}},"fnMap":{"0":{"name":"App","decl":{"start":{"line":4,"column":24},"end":{"line":4,"column":27}},"loc":{"start":{"line":4,"column":30},"end":{"line":11,"column":1}},"line":4}},"branchMap":{},"s":{"0":0,"1":0},"f":{"0":0},"b":{}}
,"/home/g2d2/projects/dt-money-mobile/src/domain/Cards/Cards.ts": {"path":"/home/g2d2/projects/dt-money-mobile/src/domain/Cards/Cards.ts","statementMap":{"0":{"start":{"line":6,"column":38},"end":{"line":6,"column":39}},"1":{"start":{"line":7,"column":38},"end":{"line":7,"column":39}},"2":{"start":{"line":8,"column":30},"end":{"line":8,"column":31}},"3":{"start":{"line":13,"column":36},"end":{"line":13,"column":37}},"4":{"start":{"line":14,"column":36},"end":{"line":14,"column":37}},"5":{"start":{"line":15,"column":28},"end":{"line":15,"column":29}},"6":{"start":{"line":17,"column":4},"end":{"line":25,"column":9}},"7":{"start":{"line":18,"column":6},"end":{"line":21,"column":7}},"8":{"start":{"line":19,"column":8},"end":{"line":19,"column":55}},"9":{"start":{"line":20,"column":8},"end":{"line":20,"column":39}},"10":{"start":{"line":23,"column":6},"end":{"line":23,"column":53}},"11":{"start":{"line":24,"column":6},"end":{"line":24,"column":37}},"12":{"start":{"line":27,"column":4},"end":{"line":31,"column":5}},"13":{"start":{"line":35,"column":21},"end":{"line":35,"column":45}},"14":{"start":{"line":36,"column":4},"end":{"line":41,"column":5}},"15":{"start":{"line":37,"column":6},"end":{"line":37,"column":40}},"16":{"start":{"line":38,"column":6},"end":{"line":38,"column":40}},"17":{"start":{"line":39,"column":6},"end":{"line":39,"column":32}},"18":{"start":{"line":40,"column":6},"end":{"line":40,"column":12}},"19":{"start":{"line":47,"column":8},"end":{"line":47,"column":34}},"20":{"start":{"line":49,"column":4},"end":{"line":49,"column":62}},"21":{"start":{"line":50,"column":4},"end":{"line":50,"column":62}},"22":{"start":{"line":51,"column":4},"end":{"line":51,"column":46}},"23":{"start":{"line":55,"column":4},"end":{"line":59,"column":5}}},"fnMap":{"0":{"name":"(anonymous_0)","decl":{"start":{"line":10,"column":2},"end":{"line":10,"column":3}},"loc":{"start":{"line":10,"column":61},"end":{"line":10,"column":63}},"line":10},"1":{"name":"(anonymous_1)","decl":{"start":{"line":12,"column":2},"end":{"line":12,"column":3}},"loc":{"start":{"line":12,"column":55},"end":{"line":32,"column":3}},"line":12},"2":{"name":"(anonymous_2)","decl":{"start":{"line":17,"column":47},"end":{"line":17,"column":48}},"loc":{"start":{"line":17,"column":69},"end":{"line":25,"column":5}},"line":17},"3":{"name":"(anonymous_3)","decl":{"start":{"line":34,"column":2},"end":{"line":34,"column":3}},"loc":{"start":{"line":34,"column":19},"end":{"line":52,"column":3}},"line":34},"4":{"name":"(anonymous_4)","decl":{"start":{"line":54,"column":2},"end":{"line":54,"column":3}},"loc":{"start":{"line":54,"column":19},"end":{"line":60,"column":3}},"line":54}},"branchMap":{"0":{"loc":{"start":{"line":18,"column":6},"end":{"line":21,"column":7}},"type":"if","locations":[{"start":{"line":18,"column":6},"end":{"line":21,"column":7}},{"start":{},"end":{}}],"line":18},"1":{"loc":{"start":{"line":36,"column":4},"end":{"line":41,"column":5}},"type":"if","locations":[{"start":{"line":36,"column":4},"end":{"line":41,"column":5}},{"start":{},"end":{}}],"line":36}},"s":{"0":4,"1":4,"2":4,"3":2,"4":2,"5":2,"6":2,"7":2,"8":2,"9":2,"10":0,"11":0,"12":2,"13":2,"14":1,"15":0,"16":0,"17":0,"18":0,"19":1,"20":1,"21":1,"22":1,"23":2},"f":{"0":4,"1":2,"2":2,"3":2,"4":2},"b":{"0":[2,0],"1":[0,1]},"_coverageSchema":"1a1c01bbd47fc00a2c39e90264f33305004495a9","hash":"ecd562ad71f27aa4f0b97f38332f431db5f91201"}
,"/home/g2d2/projects/dt-money-mobile/src/domain/Cards/FactoryCards.ts": {"path":"/home/g2d2/projects/dt-money-mobile/src/domain/Cards/FactoryCards.ts","statementMap":{"0":{"start":{"line":6,"column":4},"end":{"line":6,"column":35}}},"fnMap":{"0":{"name":"(anonymous_0)","decl":{"start":{"line":5,"column":2},"end":{"line":5,"column":3}},"loc":{"start":{"line":5,"column":12},"end":{"line":7,"column":3}},"line":5}},"branchMap":{},"s":{"0":1},"f":{"0":1},"b":{},"_coverageSchema":"1a1c01bbd47fc00a2c39e90264f33305004495a9","hash":"9c73385c4f33001791c0d5e54543302aba2ab9aa"}
,"/home/g2d2/projects/dt-money-mobile/src/domain/Cards/service/get/getListTransactions.ts": {"path":"/home/g2d2/projects/dt-money-mobile/src/domain/Cards/service/get/getListTransactions.ts","statementMap":{"0":{"start":{"line":5,"column":2},"end":{"line":13,"column":3}},"1":{"start":{"line":6,"column":23},"end":{"line":6,"column":39}},"2":{"start":{"line":7,"column":21},"end":{"line":9,"column":5}},"3":{"start":{"line":10,"column":4},"end":{"line":10,"column":19}},"4":{"start":{"line":12,"column":4},"end":{"line":12,"column":45}}},"fnMap":{"0":{"name":"getTotalCards","decl":{"start":{"line":4,"column":22},"end":{"line":4,"column":35}},"loc":{"start":{"line":4,"column":38},"end":{"line":14,"column":1}},"line":4}},"branchMap":{},"s":{"0":2,"1":2,"2":2,"3":1,"4":1},"f":{"0":2},"b":{},"_coverageSchema":"1a1c01bbd47fc00a2c39e90264f33305004495a9","hash":"527ea057a335af58924ab56b589bfd909cb69629"}
,"/home/g2d2/projects/dt-money-mobile/src/domain/Transaction/FactoryTransaction.ts": {"path":"/home/g2d2/projects/dt-money-mobile/src/domain/Transaction/FactoryTransaction.ts","statementMap":{"0":{"start":{"line":9,"column":24},"end":{"line":14,"column":5}},"1":{"start":{"line":16,"column":4},"end":{"line":16,"column":22}}},"fnMap":{"0":{"name":"(anonymous_0)","decl":{"start":{"line":8,"column":2},"end":{"line":8,"column":3}},"loc":{"start":{"line":8,"column":12},"end":{"line":17,"column":3}},"line":8}},"branchMap":{},"s":{"0":1,"1":1},"f":{"0":1},"b":{},"_coverageSchema":"1a1c01bbd47fc00a2c39e90264f33305004495a9","hash":"2a65428acfdd1a7339b04c5ac928fe2231939b73"}
,"/home/g2d2/projects/dt-money-mobile/src/domain/Transaction/Transaction.ts": {"path":"/home/g2d2/projects/dt-money-mobile/src/domain/Transaction/Transaction.ts","statementMap":{"0":{"start":{"line":12,"column":52},"end":{"line":12,"column":54}},"1":{"start":{"line":22,"column":4},"end":{"line":29,"column":5}},"2":{"start":{"line":33,"column":28},"end":{"line":33,"column":62}},"3":{"start":{"line":34,"column":23},"end":{"line":36,"column":5}},"4":{"start":{"line":35,"column":6},"end":{"line":35,"column":41}},"5":{"start":{"line":37,"column":4},"end":{"line":37,"column":37}},"6":{"start":{"line":38,"column":4},"end":{"line":38,"column":21}},"7":{"start":{"line":42,"column":27},"end":{"line":49,"column":15}},"8":{"start":{"line":50,"column":27},"end":{"line":50,"column":50}},"9":{"start":{"line":51,"column":4},"end":{"line":51,"column":51}},"10":{"start":{"line":52,"column":4},"end":{"line":52,"column":21}},"11":{"start":{"line":56,"column":4},"end":{"line":56,"column":56}},"12":{"start":{"line":56,"column":13},"end":{"line":56,"column":56}},"13":{"start":{"line":57,"column":4},"end":{"line":57,"column":39}},"14":{"start":{"line":58,"column":4},"end":{"line":58,"column":21}},"15":{"start":{"line":62,"column":27},"end":{"line":69,"column":15}},"16":{"start":{"line":71,"column":27},"end":{"line":71,"column":50}},"17":{"start":{"line":72,"column":4},"end":{"line":72,"column":51}},"18":{"start":{"line":73,"column":4},"end":{"line":73,"column":21}},"19":{"start":{"line":77,"column":4},"end":{"line":77,"column":31}}},"fnMap":{"0":{"name":"(anonymous_0)","decl":{"start":{"line":14,"column":2},"end":{"line":14,"column":3}},"loc":{"start":{"line":19,"column":4},"end":{"line":19,"column":6}},"line":19},"1":{"name":"(anonymous_1)","decl":{"start":{"line":21,"column":2},"end":{"line":21,"column":3}},"loc":{"start":{"line":21,"column":55},"end":{"line":30,"column":3}},"line":21},"2":{"name":"(anonymous_2)","decl":{"start":{"line":32,"column":2},"end":{"line":32,"column":3}},"loc":{"start":{"line":32,"column":15},"end":{"line":39,"column":3}},"line":32},"3":{"name":"(anonymous_3)","decl":{"start":{"line":34,"column":43},"end":{"line":34,"column":44}},"loc":{"start":{"line":35,"column":6},"end":{"line":35,"column":41}},"line":35},"4":{"name":"(anonymous_4)","decl":{"start":{"line":41,"column":2},"end":{"line":41,"column":3}},"loc":{"start":{"line":41,"column":50},"end":{"line":53,"column":3}},"line":41},"5":{"name":"(anonymous_5)","decl":{"start":{"line":55,"column":2},"end":{"line":55,"column":3}},"loc":{"start":{"line":55,"column":27},"end":{"line":59,"column":3}},"line":55},"6":{"name":"(anonymous_6)","decl":{"start":{"line":61,"column":2},"end":{"line":61,"column":3}},"loc":{"start":{"line":61,"column":50},"end":{"line":74,"column":3}},"line":61},"7":{"name":"(anonymous_7)","decl":{"start":{"line":76,"column":2},"end":{"line":76,"column":3}},"loc":{"start":{"line":76,"column":16},"end":{"line":78,"column":3}},"line":76}},"branchMap":{"0":{"loc":{"start":{"line":56,"column":4},"end":{"line":56,"column":56}},"type":"if","locations":[{"start":{"line":56,"column":4},"end":{"line":56,"column":56}},{"start":{},"end":{}}],"line":56}},"s":{"0":6,"1":2,"2":5,"3":5,"4":2,"5":5,"6":5,"7":1,"8":1,"9":1,"10":1,"11":1,"12":0,"13":1,"14":1,"15":1,"16":1,"17":1,"18":1,"19":1},"f":{"0":6,"1":2,"2":5,"3":2,"4":1,"5":1,"6":1,"7":1},"b":{"0":[0,1]},"_coverageSchema":"1a1c01bbd47fc00a2c39e90264f33305004495a9","hash":"9ee842f298fa701c0c7e39b50718bd723604a8a9"}
,"/home/g2d2/projects/dt-money-mobile/src/domain/Transaction/interfacesTransactions.ts": {"path":"/home/g2d2/projects/dt-money-mobile/src/domain/Transaction/interfacesTransactions.ts","statementMap":{},"fnMap":{},"branchMap":{},"s":{},"f":{},"b":{}}
,"/home/g2d2/projects/dt-money-mobile/src/domain/Transaction/service/create/createTransaction.ts": {"path":"/home/g2d2/projects/dt-money-mobile/src/domain/Transaction/service/create/createTransaction.ts","statementMap":{"0":{"start":{"line":5,"column":2},"end":{"line":10,"column":3}},"1":{"start":{"line":6,"column":23},"end":{"line":6,"column":39}},"2":{"start":{"line":7,"column":4},"end":{"line":7,"column":55}},"3":{"start":{"line":9,"column":4},"end":{"line":9,"column":50}}},"fnMap":{"0":{"name":"createTransaction","decl":{"start":{"line":4,"column":22},"end":{"line":4,"column":39}},"loc":{"start":{"line":4,"column":75},"end":{"line":11,"column":1}},"line":4}},"branchMap":{},"s":{"0":3,"1":3,"2":3,"3":2},"f":{"0":3},"b":{},"_coverageSchema":"1a1c01bbd47fc00a2c39e90264f33305004495a9","hash":"984df2b1d60b06d44e74959ca77cce5141837cab"}
,"/home/g2d2/projects/dt-money-mobile/src/domain/Transaction/service/delete/deleteTransaction.ts": {"path":"/home/g2d2/projects/dt-money-mobile/src/domain/Transaction/service/delete/deleteTransaction.ts","statementMap":{"0":{"start":{"line":4,"column":2},"end":{"line":9,"column":3}},"1":{"start":{"line":5,"column":23},"end":{"line":5,"column":39}},"2":{"start":{"line":6,"column":4},"end":{"line":6,"column":50}},"3":{"start":{"line":8,"column":4},"end":{"line":8,"column":50}}},"fnMap":{"0":{"name":"deleteTransaction","decl":{"start":{"line":3,"column":22},"end":{"line":3,"column":39}},"loc":{"start":{"line":3,"column":52},"end":{"line":10,"column":1}},"line":3}},"branchMap":{},"s":{"0":3,"1":3,"2":3,"3":2},"f":{"0":3},"b":{},"_coverageSchema":"1a1c01bbd47fc00a2c39e90264f33305004495a9","hash":"7a1cfd883ca735aba9d24892e70d9539959e675a"}
,"/home/g2d2/projects/dt-money-mobile/src/domain/Transaction/service/get/getListTransactions.ts": {"path":"/home/g2d2/projects/dt-money-mobile/src/domain/Transaction/service/get/getListTransactions.ts","statementMap":{"0":{"start":{"line":5,"column":2},"end":{"line":13,"column":3}},"1":{"start":{"line":6,"column":23},"end":{"line":6,"column":39}},"2":{"start":{"line":7,"column":21},"end":{"line":9,"column":5}},"3":{"start":{"line":10,"column":4},"end":{"line":10,"column":19}},"4":{"start":{"line":12,"column":4},"end":{"line":12,"column":48}}},"fnMap":{"0":{"name":"getListTransactions","decl":{"start":{"line":4,"column":22},"end":{"line":4,"column":41}},"loc":{"start":{"line":4,"column":44},"end":{"line":14,"column":1}},"line":4}},"branchMap":{},"s":{"0":2,"1":2,"2":2,"3":1,"4":1},"f":{"0":2},"b":{},"_coverageSchema":"1a1c01bbd47fc00a2c39e90264f33305004495a9","hash":"525a0a5bad71263931dd0888dd5a278919ac3853"}
,"/home/g2d2/projects/dt-money-mobile/src/domain/Transaction/service/update/updateTransaction.ts": {"path":"/home/g2d2/projects/dt-money-mobile/src/domain/Transaction/service/update/updateTransaction.ts","statementMap":{"0":{"start":{"line":5,"column":2},"end":{"line":13,"column":3}},"1":{"start":{"line":6,"column":23},"end":{"line":6,"column":39}},"2":{"start":{"line":7,"column":4},"end":{"line":10,"column":5}},"3":{"start":{"line":12,"column":4},"end":{"line":12,"column":50}}},"fnMap":{"0":{"name":"updateTransaction","decl":{"start":{"line":4,"column":22},"end":{"line":4,"column":39}},"loc":{"start":{"line":4,"column":75},"end":{"line":14,"column":1}},"line":4}},"branchMap":{},"s":{"0":3,"1":3,"2":3,"3":2},"f":{"0":3},"b":{},"_coverageSchema":"1a1c01bbd47fc00a2c39e90264f33305004495a9","hash":"0b516bc0ab5bba30daebc750ffb4ce0065f4ddd6"}
,"/home/g2d2/projects/dt-money-mobile/src/entity/Transaction/AdapterZodTransaction.ts": {"path":"/home/g2d2/projects/dt-money-mobile/src/entity/Transaction/AdapterZodTransaction.ts","statementMap":{"0":{"start":{"line":13,"column":28},"end":{"line":19,"column":4}},"1":{"start":{"line":22,"column":29},"end":{"line":22,"column":56}},"2":{"start":{"line":23,"column":4},"end":{"line":23,"column":35}},"3":{"start":{"line":27,"column":29},"end":{"line":27,"column":48}},"4":{"start":{"line":28,"column":4},"end":{"line":28,"column":27}},"5":{"start":{"line":32,"column":4},"end":{"line":32,"column":22}}},"fnMap":{"0":{"name":"(anonymous_0)","decl":{"start":{"line":21,"column":2},"end":{"line":21,"column":3}},"loc":{"start":{"line":21,"column":40},"end":{"line":24,"column":3}},"line":21},"1":{"name":"(anonymous_1)","decl":{"start":{"line":26,"column":2},"end":{"line":26,"column":3}},"loc":{"start":{"line":26,"column":70},"end":{"line":29,"column":3}},"line":26},"2":{"name":"(anonymous_2)","decl":{"start":{"line":31,"column":2},"end":{"line":31,"column":3}},"loc":{"start":{"line":31,"column":26},"end":{"line":33,"column":3}},"line":31}},"branchMap":{},"s":{"0":4,"1":6,"2":6,"3":6,"4":6,"5":0},"f":{"0":6,"1":6,"2":0},"b":{},"_coverageSchema":"1a1c01bbd47fc00a2c39e90264f33305004495a9","hash":"a2df8473d4aa7a2cec19c91551eaf0c7fcef35dd"}
,"/home/g2d2/projects/dt-money-mobile/src/entity/Transaction/FactoryTransactionEntity.ts": {"path":"/home/g2d2/projects/dt-money-mobile/src/entity/Transaction/FactoryTransactionEntity.ts","statementMap":{"0":{"start":{"line":5,"column":33},"end":{"line":5,"column":60}},"1":{"start":{"line":17,"column":4},"end":{"line":25,"column":5}}},"fnMap":{"0":{"name":"(anonymous_0)","decl":{"start":{"line":7,"column":2},"end":{"line":7,"column":3}},"loc":{"start":{"line":14,"column":4},"end":{"line":14,"column":6}},"line":14},"1":{"name":"(anonymous_1)","decl":{"start":{"line":16,"column":2},"end":{"line":16,"column":3}},"loc":{"start":{"line":16,"column":31},"end":{"line":26,"column":3}},"line":16}},"branchMap":{},"s":{"0":2,"1":2},"f":{"0":2,"1":2},"b":{},"_coverageSchema":"1a1c01bbd47fc00a2c39e90264f33305004495a9","hash":"32778092728dd38eb3bdbd5b2890f8ebcab2ca8d"}
,"/home/g2d2/projects/dt-money-mobile/src/entity/Transaction/TransactionEntity.ts": {"path":"/home/g2d2/projects/dt-money-mobile/src/entity/Transaction/TransactionEntity.ts","statementMap":{"0":{"start":{"line":25,"column":4},"end":{"line":29,"column":5}},"1":{"start":{"line":26,"column":6},"end":{"line":28,"column":8}},"2":{"start":{"line":31,"column":6},"end":{"line":37,"column":8}},"3":{"start":{"line":39,"column":4},"end":{"line":41,"column":5}},"4":{"start":{"line":40,"column":6},"end":{"line":40,"column":49}},"5":{"start":{"line":43,"column":4},"end":{"line":43,"column":16}},"6":{"start":{"line":47,"column":4},"end":{"line":47,"column":72}},"7":{"start":{"line":47,"column":38},"end":{"line":47,"column":72}},"8":{"start":{"line":48,"column":4},"end":{"line":55,"column":6}},"9":{"start":{"line":59,"column":4},"end":{"line":59,"column":72}},"10":{"start":{"line":59,"column":38},"end":{"line":59,"column":72}},"11":{"start":{"line":60,"column":4},"end":{"line":60,"column":62}},"12":{"start":{"line":60,"column":18},"end":{"line":60,"column":62}},"13":{"start":{"line":61,"column":4},"end":{"line":68,"column":6}}},"fnMap":{"0":{"name":"(anonymous_0)","decl":{"start":{"line":14,"column":2},"end":{"line":14,"column":3}},"loc":{"start":{"line":22,"column":4},"end":{"line":22,"column":6}},"line":22},"1":{"name":"(anonymous_1)","decl":{"start":{"line":24,"column":2},"end":{"line":24,"column":3}},"loc":{"start":{"line":24,"column":34},"end":{"line":44,"column":3}},"line":24},"2":{"name":"(anonymous_2)","decl":{"start":{"line":46,"column":2},"end":{"line":46,"column":3}},"loc":{"start":{"line":46,"column":33},"end":{"line":56,"column":3}},"line":46},"3":{"name":"(anonymous_3)","decl":{"start":{"line":58,"column":2},"end":{"line":58,"column":3}},"loc":{"start":{"line":58,"column":33},"end":{"line":69,"column":3}},"line":58}},"branchMap":{"0":{"loc":{"start":{"line":25,"column":4},"end":{"line":29,"column":5}},"type":"if","locations":[{"start":{"line":25,"column":4},"end":{"line":29,"column":5}},{"start":{},"end":{}}],"line":25},"1":{"loc":{"start":{"line":39,"column":4},"end":{"line":41,"column":5}},"type":"if","locations":[{"start":{"line":39,"column":4},"end":{"line":41,"column":5}},{"start":{},"end":{}}],"line":39},"2":{"loc":{"start":{"line":47,"column":4},"end":{"line":47,"column":72}},"type":"if","locations":[{"start":{"line":47,"column":4},"end":{"line":47,"column":72}},{"start":{},"end":{}}],"line":47},"3":{"loc":{"start":{"line":59,"column":4},"end":{"line":59,"column":72}},"type":"if","locations":[{"start":{"line":59,"column":4},"end":{"line":59,"column":72}},{"start":{},"end":{}}],"line":59},"4":{"loc":{"start":{"line":60,"column":4},"end":{"line":60,"column":62}},"type":"if","locations":[{"start":{"line":60,"column":4},"end":{"line":60,"column":62}},{"start":{},"end":{}}],"line":60}},"s":{"0":10,"1":4,"2":6,"3":6,"4":0,"5":6,"6":5,"7":0,"8":3,"9":5,"10":0,"11":3,"12":0,"13":3},"f":{"0":10,"1":10,"2":5,"3":5},"b":{"0":[4,6],"1":[0,6],"2":[0,3],"3":[0,3],"4":[0,3]},"_coverageSchema":"1a1c01bbd47fc00a2c39e90264f33305004495a9","hash":"1462ef445e0f7c3fe75bc24b39125ebc2167cbeb"}
,"/home/g2d2/projects/dt-money-mobile/src/infra/AdapterAxios.ts": {"path":"/home/g2d2/projects/dt-money-mobile/src/infra/AdapterAxios.ts","statementMap":{"0":{"start":{"line":8,"column":4},"end":{"line":10,"column":7}},"1":{"start":{"line":14,"column":4},"end":{"line":14,"column":20}},"2":{"start":{"line":18,"column":4},"end":{"line":18,"column":24}},"3":{"start":{"line":22,"column":4},"end":{"line":22,"column":25}},"4":{"start":{"line":26,"column":4},"end":{"line":26,"column":24}},"5":{"start":{"line":30,"column":4},"end":{"line":30,"column":27}}},"fnMap":{"0":{"name":"(anonymous_0)","decl":{"start":{"line":7,"column":2},"end":{"line":7,"column":3}},"loc":{"start":{"line":7,"column":74},"end":{"line":11,"column":3}},"line":7},"1":{"name":"(anonymous_1)","decl":{"start":{"line":13,"column":2},"end":{"line":13,"column":3}},"loc":{"start":{"line":13,"column":17},"end":{"line":15,"column":3}},"line":13},"2":{"name":"(anonymous_2)","decl":{"start":{"line":17,"column":2},"end":{"line":17,"column":3}},"loc":{"start":{"line":17,"column":15},"end":{"line":19,"column":3}},"line":17},"3":{"name":"(anonymous_3)","decl":{"start":{"line":21,"column":2},"end":{"line":21,"column":3}},"loc":{"start":{"line":21,"column":16},"end":{"line":23,"column":3}},"line":21},"4":{"name":"(anonymous_4)","decl":{"start":{"line":25,"column":2},"end":{"line":25,"column":3}},"loc":{"start":{"line":25,"column":15},"end":{"line":27,"column":3}},"line":25},"5":{"name":"(anonymous_5)","decl":{"start":{"line":29,"column":2},"end":{"line":29,"column":3}},"loc":{"start":{"line":29,"column":18},"end":{"line":31,"column":3}},"line":29}},"branchMap":{"0":{"loc":{"start":{"line":7,"column":31},"end":{"line":7,"column":72}},"type":"default-arg","locations":[{"start":{"line":7,"column":49},"end":{"line":7,"column":72}}],"line":7}},"s":{"0":21,"1":2,"2":1,"3":2,"4":2,"5":2},"f":{"0":21,"1":2,"2":1,"3":2,"4":2,"5":2},"b":{"0":[20]},"_coverageSchema":"1a1c01bbd47fc00a2c39e90264f33305004495a9","hash":"0b7884ba328924e24e3c8dfcb849b75862f6bc70"}
,"/home/g2d2/projects/dt-money-mobile/src/infra/HttpClient.ts": {"path":"/home/g2d2/projects/dt-money-mobile/src/infra/HttpClient.ts","statementMap":{"0":{"start":{"line":7,"column":19},"end":{"line":7,"column":41}},"1":{"start":{"line":8,"column":21},"end":{"line":8,"column":41}},"2":{"start":{"line":9,"column":4},"end":{"line":9,"column":25}},"3":{"start":{"line":13,"column":20},"end":{"line":13,"column":43}},"4":{"start":{"line":14,"column":21},"end":{"line":14,"column":48}},"5":{"start":{"line":15,"column":4},"end":{"line":15,"column":25}},"6":{"start":{"line":19,"column":19},"end":{"line":19,"column":41}},"7":{"start":{"line":20,"column":21},"end":{"line":20,"column":47}},"8":{"start":{"line":21,"column":4},"end":{"line":21,"column":25}},"9":{"start":{"line":25,"column":22},"end":{"line":25,"column":47}},"10":{"start":{"line":26,"column":21},"end":{"line":26,"column":44}},"11":{"start":{"line":27,"column":4},"end":{"line":27,"column":25}}},"fnMap":{"0":{"name":"(anonymous_0)","decl":{"start":{"line":4,"column":2},"end":{"line":4,"column":3}},"loc":{"start":{"line":4,"column":64},"end":{"line":4,"column":66}},"line":4},"1":{"name":"(anonymous_1)","decl":{"start":{"line":6,"column":2},"end":{"line":6,"column":3}},"loc":{"start":{"line":6,"column":28},"end":{"line":10,"column":3}},"line":6},"2":{"name":"(anonymous_2)","decl":{"start":{"line":12,"column":2},"end":{"line":12,"column":3}},"loc":{"start":{"line":12,"column":40},"end":{"line":16,"column":3}},"line":12},"3":{"name":"(anonymous_3)","decl":{"start":{"line":18,"column":2},"end":{"line":18,"column":3}},"loc":{"start":{"line":18,"column":39},"end":{"line":22,"column":3}},"line":18},"4":{"name":"(anonymous_4)","decl":{"start":{"line":24,"column":2},"end":{"line":24,"column":3}},"loc":{"start":{"line":24,"column":31},"end":{"line":28,"column":3}},"line":24}},"branchMap":{"0":{"loc":{"start":{"line":4,"column":31},"end":{"line":4,"column":62}},"type":"default-arg","locations":[{"start":{"line":4,"column":44},"end":{"line":4,"column":62}}],"line":4}},"s":{"0":0,"1":0,"2":0,"3":1,"4":1,"5":0,"6":1,"7":1,"8":0,"9":1,"10":1,"11":0},"f":{"0":14,"1":0,"2":1,"3":1,"4":1},"b":{"0":[13]},"_coverageSchema":"1a1c01bbd47fc00a2c39e90264f33305004495a9","hash":"bd07ef460e62130f6bc07d968341ef5224888616"}
,"/home/g2d2/projects/dt-money-mobile/src/infra/IAdapterApi.ts": {"path":"/home/g2d2/projects/dt-money-mobile/src/infra/IAdapterApi.ts","statementMap":{},"fnMap":{},"branchMap":{},"s":{},"f":{},"b":{}}
}
