TN:
SF:src/App.tsx
FN:4,App
FNF:1
FNH:0
FNDA:0,App
DA:5,0
DA:13,0
LF:2
LH:0
BRF:0
BRH:0
end_of_record
TN:
SF:src/domain/Cards/Cards.ts
FN:10,(anonymous_0)
FN:12,(anonymous_1)
FN:17,(anonymous_2)
FN:34,(anonymous_3)
FN:54,(anonymous_4)
FNF:5
FNH:5
FNDA:4,(anonymous_0)
FNDA:2,(anonymous_1)
FNDA:2,(anonymous_2)
FNDA:2,(anonymous_3)
FNDA:2,(anonymous_4)
DA:6,4
DA:7,4
DA:8,4
DA:13,2
DA:14,2
DA:15,2
DA:17,2
DA:18,2
DA:19,2
DA:20,2
DA:23,0
DA:24,0
DA:27,2
DA:35,2
DA:36,1
DA:37,0
DA:38,0
DA:39,0
DA:40,0
DA:47,1
DA:49,1
DA:50,1
DA:51,1
DA:55,2
LF:24
LH:18
BRDA:18,0,0,2
BRDA:18,0,1,0
BRDA:36,1,0,0
BRDA:36,1,1,1
BRF:4
BRH:2
end_of_record
TN:
SF:src/domain/Cards/FactoryCards.ts
FN:5,(anonymous_0)
FNF:1
FNH:1
FNDA:1,(anonymous_0)
DA:6,1
LF:1
LH:1
BRF:0
BRH:0
end_of_record
TN:
SF:src/domain/Cards/service/get/getListTransactions.ts
FN:4,getTotalCards
FNF:1
FNH:1
FNDA:2,getTotalCards
DA:5,2
DA:6,2
DA:7,2
DA:10,1
DA:12,1
LF:5
LH:5
BRF:0
BRH:0
end_of_record
TN:
SF:src/domain/Transaction/FactoryTransaction.ts
FN:8,(anonymous_0)
FNF:1
FNH:1
FNDA:1,(anonymous_0)
DA:9,1
DA:16,1
LF:2
LH:2
BRF:0
BRH:0
end_of_record
TN:
SF:src/domain/Transaction/Transaction.ts
FN:14,(anonymous_0)
FN:21,(anonymous_1)
FN:32,(anonymous_2)
FN:34,(anonymous_3)
FN:41,(anonymous_4)
FN:55,(anonymous_5)
FN:61,(anonymous_6)
FN:76,(anonymous_7)
FNF:8
FNH:8
FNDA:6,(anonymous_0)
FNDA:2,(anonymous_1)
FNDA:5,(anonymous_2)
FNDA:2,(anonymous_3)
FNDA:1,(anonymous_4)
FNDA:1,(anonymous_5)
FNDA:1,(anonymous_6)
FNDA:1,(anonymous_7)
DA:12,6
DA:22,2
DA:33,5
DA:34,5
DA:35,2
DA:37,5
DA:38,5
DA:42,1
DA:50,1
DA:51,1
DA:52,1
DA:56,1
DA:57,1
DA:58,1
DA:62,1
DA:71,1
DA:72,1
DA:73,1
DA:77,1
LF:19
LH:19
BRDA:56,0,0,0
BRDA:56,0,1,1
BRF:2
BRH:1
end_of_record
TN:
SF:src/domain/Transaction/interfacesTransactions.ts
FNF:0
FNH:0
LF:0
LH:0
BRF:0
BRH:0
end_of_record
TN:
SF:src/domain/Transaction/service/create/createTransaction.ts
FN:4,createTransaction
FNF:1
FNH:1
FNDA:3,createTransaction
DA:5,3
DA:6,3
DA:7,3
DA:9,2
LF:4
LH:4
BRF:0
BRH:0
end_of_record
TN:
SF:src/domain/Transaction/service/delete/deleteTransaction.ts
FN:3,deleteTransaction
FNF:1
FNH:1
FNDA:3,deleteTransaction
DA:4,3
DA:5,3
DA:6,3
DA:8,2
LF:4
LH:4
BRF:0
BRH:0
end_of_record
TN:
SF:src/domain/Transaction/service/get/getListTransactions.ts
FN:4,getListTransactions
FNF:1
FNH:1
FNDA:2,getListTransactions
DA:5,2
DA:6,2
DA:7,2
DA:10,1
DA:12,1
LF:5
LH:5
BRF:0
BRH:0
end_of_record
TN:
SF:src/domain/Transaction/service/update/updateTransaction.ts
FN:4,updateTransaction
FNF:1
FNH:1
FNDA:3,updateTransaction
DA:5,3
DA:6,3
DA:7,3
DA:12,2
LF:4
LH:4
BRF:0
BRH:0
end_of_record
TN:
SF:src/entity/Transaction/AdapterZodTransaction.ts
FN:21,(anonymous_0)
FN:26,(anonymous_1)
FN:31,(anonymous_2)
FNF:3
FNH:2
FNDA:6,(anonymous_0)
FNDA:6,(anonymous_1)
FNDA:0,(anonymous_2)
DA:13,4
DA:22,6
DA:23,6
DA:27,6
DA:28,6
DA:32,0
LF:6
LH:5
BRF:0
BRH:0
end_of_record
TN:
SF:src/entity/Transaction/FactoryTransactionEntity.ts
FN:7,(anonymous_0)
FN:16,(anonymous_1)
FNF:2
FNH:2
FNDA:2,(anonymous_0)
FNDA:2,(anonymous_1)
DA:5,2
DA:17,2
LF:2
LH:2
BRF:0
BRH:0
end_of_record
TN:
SF:src/entity/Transaction/TransactionEntity.ts
FN:14,(anonymous_0)
FN:24,(anonymous_1)
FN:46,(anonymous_2)
FN:58,(anonymous_3)
FNF:4
FNH:4
FNDA:10,(anonymous_0)
FNDA:10,(anonymous_1)
FNDA:5,(anonymous_2)
FNDA:5,(anonymous_3)
DA:25,10
DA:26,4
DA:31,6
DA:39,6
DA:40,0
DA:43,6
DA:47,5
DA:48,3
DA:59,5
DA:60,3
DA:61,3
LF:11
LH:10
BRDA:25,0,0,4
BRDA:25,0,1,6
BRDA:39,1,0,0
BRDA:39,1,1,6
BRDA:47,2,0,0
BRDA:47,2,1,3
BRDA:59,3,0,0
BRDA:59,3,1,3
BRDA:60,4,0,0
BRDA:60,4,1,3
BRF:10
BRH:6
end_of_record
TN:
SF:src/infra/AdapterAxios.ts
FN:7,(anonymous_0)
FN:13,(anonymous_1)
FN:17,(anonymous_2)
FN:21,(anonymous_3)
FN:25,(anonymous_4)
FN:29,(anonymous_5)
FNF:6
FNH:6
FNDA:21,(anonymous_0)
FNDA:2,(anonymous_1)
FNDA:1,(anonymous_2)
FNDA:2,(anonymous_3)
FNDA:2,(anonymous_4)
FNDA:2,(anonymous_5)
DA:8,21
DA:14,2
DA:18,1
DA:22,2
DA:26,2
DA:30,2
LF:6
LH:6
BRDA:7,0,0,20
BRF:1
BRH:1
end_of_record
TN:
SF:src/infra/HttpClient.ts
FN:4,(anonymous_0)
FN:6,(anonymous_1)
FN:12,(anonymous_2)
FN:18,(anonymous_3)
FN:24,(anonymous_4)
FNF:5
FNH:4
FNDA:14,(anonymous_0)
FNDA:0,(anonymous_1)
FNDA:1,(anonymous_2)
FNDA:1,(anonymous_3)
FNDA:1,(anonymous_4)
DA:7,0
DA:8,0
DA:9,0
DA:13,1
DA:14,1
DA:15,0
DA:19,1
DA:20,1
DA:21,0
DA:25,1
DA:26,1
DA:27,0
LF:12
LH:6
BRDA:4,0,0,13
BRF:1
BRH:1
end_of_record
TN:
SF:src/infra/IAdapterApi.ts
FNF:0
FNH:0
LF:0
LH:0
BRF:0
BRH:0
end_of_record
